<?xml version="1.0" encoding="UTF-8"?>
<testsuite name="com.aor.numbers.ListAggregatorTest" tests="6" skipped="0" failures="0" errors="0" timestamp="2021-11-26T16:43:55" hostname="DESKTOP-OK9QO7I" time="0.013">
  <properties/>
  <testcase name="distinct_bug_8726()" classname="com.aor.numbers.ListAggregatorTest" time="0.004"/>
  <testcase name="max_bug_7263()" classname="com.aor.numbers.ListAggregatorTest" time="0.0"/>
  <testcase name="max()" classname="com.aor.numbers.ListAggregatorTest" time="0.002"/>
  <testcase name="min()" classname="com.aor.numbers.ListAggregatorTest" time="0.002"/>
  <testcase name="sum()" classname="com.aor.numbers.ListAggregatorTest" time="0.001"/>
  <testcase name="distinct()" classname="com.aor.numbers.ListAggregatorTest" time="0.0"/>
  <system-out><![CDATA[]]></system-out>
  <system-err><![CDATA[]]></system-err>
</testsuite>
