<?xml version="1.0" encoding="UTF-8"?>
<testsuite name="com.aor.numbers.ListAggregatorTest" tests="4" skipped="0" failures="0" errors="0" timestamp="2021-11-19T16:33:49" hostname="DESKTOP-OK9QO7I" time="0.033">
  <properties/>
  <testcase name="max()" classname="com.aor.numbers.ListAggregatorTest" time="0.025"/>
  <testcase name="min()" classname="com.aor.numbers.ListAggregatorTest" time="0.001"/>
  <testcase name="sum()" classname="com.aor.numbers.ListAggregatorTest" time="0.001"/>
  <testcase name="distinct()" classname="com.aor.numbers.ListAggregatorTest" time="0.004"/>
  <system-out><![CDATA[]]></system-out>
  <system-err><![CDATA[]]></system-err>
</testsuite>
