<?xml version="1.0" encoding="UTF-8"?>
<testsuite name="ListAggregatorTest" tests="6" skipped="0" failures="0" errors="0" timestamp="2021-11-28T23:14:56" hostname="DESKTOP-OK9QO7I" time="0.05">
  <properties/>
  <testcase name="max_bug_7263" classname="ListAggregatorTest" time="0.022"/>
  <testcase name="distinct_bug_8726" classname="ListAggregatorTest" time="0.025"/>
  <testcase name="distinct" classname="ListAggregatorTest" time="0.001"/>
  <testcase name="sum" classname="ListAggregatorTest" time="0.001"/>
  <testcase name="max" classname="ListAggregatorTest" time="0.0"/>
  <testcase name="min" classname="ListAggregatorTest" time="0.001"/>
  <system-out><![CDATA[]]></system-out>
  <system-err><![CDATA[]]></system-err>
</testsuite>
