<?xml version="1.0" encoding="UTF-8"?>
<testsuite name="ListFilteredTest" tests="1" skipped="0" failures="0" errors="0" timestamp="2021-11-28T23:55:20" hostname="DESKTOP-OK9QO7I" time="0.007">
  <properties/>
  <testcase name="filter" classname="ListFilteredTest" time="0.007"/>
  <system-out><![CDATA[]]></system-out>
  <system-err><![CDATA[]]></system-err>
</testsuite>
