<?xml version="1.0" encoding="UTF-8"?>
<testsuite name="com.aor.numbers.DivisibleByFilterTest" tests="2" skipped="0" failures="0" errors="0" timestamp="2021-11-28T23:55:20" hostname="DESKTOP-OK9QO7I" time="0.015">
  <properties/>
  <testcase name="acceptDivideBy2()" classname="com.aor.numbers.DivisibleByFilterTest" time="0.014"/>
  <testcase name="acceptDivideBy3()" classname="com.aor.numbers.DivisibleByFilterTest" time="0.0"/>
  <system-out><![CDATA[]]></system-out>
  <system-err><![CDATA[]]></system-err>
</testsuite>
